  test1.cpp
test1.obj : error LNK2005: main 已经在 main.obj 中定义
D:\www\c++demo\demo1\x64\Debug\demo1.exe : fatal error LNK1169: 找到一个或多个多重定义的符号
